<?xml version="1.0" encoding="UTF-8"?>
<testng-results skipped="0" failed="0" ignored="0" total="1" passed="1">
  <reporter-output>
  </reporter-output>
  <suite name="Default suite" duration-ms="17623" started-at="2021-03-11T12:50:27 EST" finished-at="2021-03-11T12:50:45 EST">
    <groups>
    </groups>
    <test name="Default test" duration-ms="17623" started-at="2021-03-11T12:50:27 EST" finished-at="2021-03-11T12:50:45 EST">
      <class name="testCases.TC001_LoginLogout">
        <test-method status="PASS" signature="setData()[pri:0, instance:testCases.TC001_LoginLogout@711f39f9]" name="setData" is-config="true" duration-ms="27" started-at="2021-03-11T12:50:27 EST" finished-at="2021-03-11T12:50:27 EST">
          <reporter-output>
          </reporter-output>
        </test-method> <!-- setData -->
        <test-method status="PASS" signature="login()[pri:0, instance:testCases.TC001_LoginLogout@711f39f9]" name="login" is-config="true" duration-ms="11748" started-at="2021-03-11T12:50:29 EST" finished-at="2021-03-11T12:50:41 EST">
          <reporter-output>
          </reporter-output>
        </test-method> <!-- login -->
        <test-method status="PASS" signature="loginLogout(java.lang.String, java.lang.String)[pri:0, instance:testCases.TC001_LoginLogout@711f39f9]" name="loginLogout" duration-ms="2212" started-at="2021-03-11T12:50:41 EST" data-provider="getData" finished-at="2021-03-11T12:50:43 EST">
          <params>
            <param index="0">
              <value>
                <![CDATA[DemoSalesManager]]>
              </value>
            </param>
            <param index="1">
              <value>
                <![CDATA[crmsfa]]>
              </value>
            </param>
          </params>
          <reporter-output>
          </reporter-output>
        </test-method> <!-- loginLogout -->
        <test-method status="PASS" signature="closeBrowser()[pri:0, instance:testCases.TC001_LoginLogout@711f39f9]" name="closeBrowser" is-config="true" duration-ms="1250" started-at="2021-03-11T12:50:43 EST" finished-at="2021-03-11T12:50:45 EST">
          <reporter-output>
          </reporter-output>
        </test-method> <!-- closeBrowser -->
      </class> <!-- testCases.TC001_LoginLogout -->
    </test> <!-- Default test -->
  </suite> <!-- Default suite -->
</testng-results>
