<?xml version="1.0" encoding="UTF-8"?>
<!-- Generated by org.testng.reporters.JUnitReportReporter -->
<testsuite skipped="0" hostname="sumaiya" name="steps.RunnerFile" tests="1" failures="0" timestamp="2020-09-19T08:27:29 EDT" time="8.637" errors="1">
  <testcase name="runScenario" time="8.637" classname="steps.RunnerFile">
    <error type="java.lang.NullPointerException">
      <![CDATA[java.lang.NullPointerException
at steps.LoginTest.enterUsernameAsDemoSalesManage(LoginTest.java:31)
at ✽.enter username as DemoSalesManage(file:src/test/java/features/login.feature:7)
]]>
    </error>
  </testcase> <!-- runScenario -->
</testsuite> <!-- steps.RunnerFile -->
